app/build/intermediates/manifest_merge_blame_file/debug/manifest-merger-blame-debug-report.txt
1<?xml version="1.0" encoding="utf-8"?>
2<manifest xmlns:android="http://schemas.android.com/apk/res/android"
3    package="com.automatodev.gcadmin"
4    android:versionCode="1"
5    android:versionName="1.0" >
6
7    <uses-sdk
8        android:minSdkVersion="21"
8-->src\main\AndroidManifest.xml
9        android:targetSdkVersion="29" />
9-->src\main\AndroidManifest.xml
10
11    <!-- Although the *SdkVersion is captured in gradle build files, this is required for non gradle builds -->
12    <!-- <uses-sdk android:minSdkVersion="14" /> -->
13    <uses-permission android:name="android.permission.ACCESS_NETWORK_STATE" />
13-->[com.google.firebase:firebase-firestore:21.3.1] AndroidManifest.xml:13:5-79
13-->[com.google.firebase:firebase-firestore:21.3.1] AndroidManifest.xml:13:22-76
14    <uses-permission android:name="android.permission.INTERNET" />
14-->[com.google.firebase:firebase-firestore:21.3.1] AndroidManifest.xml:14:5-67
14-->[com.google.firebase:firebase-firestore:21.3.1] AndroidManifest.xml:14:22-64
15    <uses-permission android:name="android.permission.WAKE_LOCK" />
15-->[com.google.android.gms:play-services-measurement:17.2.1] AndroidManifest.xml:25:5-68
15-->[com.google.android.gms:play-services-measurement:17.2.1] AndroidManifest.xml:25:22-65
16    <uses-permission android:name="com.google.android.finsky.permission.BIND_GET_INSTALL_REFERRER_SERVICE" /> <!-- Required by older versions of Google Play services to create IID tokens -->
16-->[com.google.android.gms:play-services-measurement:17.2.1] AndroidManifest.xml:26:5-110
16-->[com.google.android.gms:play-services-measurement:17.2.1] AndroidManifest.xml:26:22-107
17    <uses-permission android:name="com.google.android.c2dm.permission.RECEIVE" />
17-->[com.google.firebase:firebase-iid:19.0.0] AndroidManifest.xml:26:5-82
17-->[com.google.firebase:firebase-iid:19.0.0] AndroidManifest.xml:26:22-79
18
19    <application
19-->src\main\AndroidManifest.xml:6:5-42:19
20        android:allowBackup="true"
20-->src\main\AndroidManifest.xml:7:9-35
21        android:appComponentFactory="androidx.core.app.CoreComponentFactory"
21-->[androidx.core:core:1.1.0] AndroidManifest.xml:24:18-86
22        android:debuggable="true"
23        android:icon="@mipmap/ic_launcher"
23-->src\main\AndroidManifest.xml:8:9-43
24        android:label="@string/app_name"
24-->src\main\AndroidManifest.xml:9:9-41
25        android:roundIcon="@mipmap/ic_launcher_round"
25-->src\main\AndroidManifest.xml:10:9-54
26        android:supportsRtl="true"
26-->src\main\AndroidManifest.xml:11:9-35
27        android:testOnly="true"
28        android:theme="@style/AppTheme" >
28-->src\main\AndroidManifest.xml:12:9-40
29        <activity android:name="com.automatodev.gcadmin.activity.EditActivity" >
29-->src\main\AndroidManifest.xml:14:9-16:20
29-->src\main\AndroidManifest.xml:14:19-56
30        </activity>
31        <activity android:name="com.automatodev.gcadmin.activity.DishActivity" />
31-->src\main\AndroidManifest.xml:17:9-59
31-->src\main\AndroidManifest.xml:17:19-56
32        <activity
32-->src\main\AndroidManifest.xml:18:9-20:52
33            android:name="com.automatodev.gcadmin.activity.UsersActivity"
33-->src\main\AndroidManifest.xml:19:13-51
34            android:screenOrientation="portrait" />
34-->src\main\AndroidManifest.xml:20:13-49
35        <activity
35-->src\main\AndroidManifest.xml:21:9-23:52
36            android:name="com.automatodev.gcadmin.activity.FidelityActivity"
36-->src\main\AndroidManifest.xml:22:13-54
37            android:screenOrientation="portrait" />
37-->src\main\AndroidManifest.xml:23:13-49
38        <activity
38-->src\main\AndroidManifest.xml:24:9-33:20
39            android:name="com.automatodev.gcadmin.activity.LoginActivity"
39-->src\main\AndroidManifest.xml:25:13-51
40            android:screenOrientation="portrait" >
40-->src\main\AndroidManifest.xml:26:13-49
41            <intent-filter>
41-->src\main\AndroidManifest.xml:27:13-31:29
42                <action android:name="android.intent.action.MAIN" />
42-->src\main\AndroidManifest.xml:28:17-69
42-->src\main\AndroidManifest.xml:28:25-66
43
44                <category android:name="android.intent.category.LAUNCHER" />
44-->src\main\AndroidManifest.xml:30:17-77
44-->src\main\AndroidManifest.xml:30:27-74
45            </intent-filter>
46        </activity>
47        <activity
47-->src\main\AndroidManifest.xml:34:9-36:52
48            android:name="com.automatodev.gcadmin.activity.OrdersActivity"
48-->src\main\AndroidManifest.xml:35:13-52
49            android:screenOrientation="portrait" />
49-->src\main\AndroidManifest.xml:36:13-49
50        <activity android:name="com.automatodev.gcadmin.activity.MainActivity" />
50-->src\main\AndroidManifest.xml:37:9-59
50-->src\main\AndroidManifest.xml:37:19-56
51
52        <meta-data
52-->src\main\AndroidManifest.xml:39:9-41:57
53            android:name="preloaded_fonts"
53-->src\main\AndroidManifest.xml:40:13-43
54            android:resource="@array/preloaded_fonts" />
54-->src\main\AndroidManifest.xml:41:13-54
55
56        <provider
56-->[com.squareup.picasso:picasso:2.71828] AndroidManifest.xml:8:9-11:40
57            android:name="com.squareup.picasso.PicassoProvider"
57-->[com.squareup.picasso:picasso:2.71828] AndroidManifest.xml:9:13-64
58            android:authorities="com.automatodev.gcadmin.com.squareup.picasso"
58-->[com.squareup.picasso:picasso:2.71828] AndroidManifest.xml:10:13-72
59            android:exported="false" />
59-->[com.squareup.picasso:picasso:2.71828] AndroidManifest.xml:11:13-37
60
61        <service
61-->[com.google.firebase:firebase-firestore:21.3.1] AndroidManifest.xml:17:9-23:19
62            android:name="com.google.firebase.components.ComponentDiscoveryService"
62-->[com.google.firebase:firebase-firestore:21.3.1] AndroidManifest.xml:18:13-84
63            android:directBootAware="true"
63-->[com.google.firebase:firebase-common:19.3.0] AndroidManifest.xml:34:13-43
64            android:exported="false" >
64-->[com.google.firebase:firebase-firestore:21.3.1] AndroidManifest.xml:19:13-37
65            <meta-data
65-->[com.google.firebase:firebase-firestore:21.3.1] AndroidManifest.xml:20:13-22:85
66                android:name="com.google.firebase.components:com.google.firebase.firestore.FirestoreRegistrar"
66-->[com.google.firebase:firebase-firestore:21.3.1] AndroidManifest.xml:21:17-111
67                android:value="com.google.firebase.components.ComponentRegistrar" />
67-->[com.google.firebase:firebase-firestore:21.3.1] AndroidManifest.xml:22:17-82
68            <meta-data
68-->[com.google.firebase:firebase-auth:19.2.0] AndroidManifest.xml:36:13-38:85
69                android:name="com.google.firebase.components:com.google.firebase.auth.FirebaseAuthRegistrar"
69-->[com.google.firebase:firebase-auth:19.2.0] AndroidManifest.xml:37:17-109
70                android:value="com.google.firebase.components.ComponentRegistrar" />
70-->[com.google.firebase:firebase-auth:19.2.0] AndroidManifest.xml:38:17-82
71            <meta-data
71-->[com.google.firebase:firebase-storage:19.1.0] AndroidManifest.xml:33:13-35:85
72                android:name="com.google.firebase.components:com.google.firebase.storage.StorageRegistrar"
72-->[com.google.firebase:firebase-storage:19.1.0] AndroidManifest.xml:34:17-107
73                android:value="com.google.firebase.components.ComponentRegistrar" />
73-->[com.google.firebase:firebase-storage:19.1.0] AndroidManifest.xml:35:17-82
74            <meta-data
74-->[com.google.android.gms:play-services-measurement-api:17.2.1] AndroidManifest.xml:30:13-32:85
75                android:name="com.google.firebase.components:com.google.firebase.analytics.connector.internal.AnalyticsConnectorRegistrar"
75-->[com.google.android.gms:play-services-measurement-api:17.2.1] AndroidManifest.xml:31:17-139
76                android:value="com.google.firebase.components.ComponentRegistrar" />
76-->[com.google.android.gms:play-services-measurement-api:17.2.1] AndroidManifest.xml:32:17-82
77            <meta-data
77-->[com.google.firebase:firebase-iid:19.0.0] AndroidManifest.xml:32:13-34:85
78                android:name="com.google.firebase.components:com.google.firebase.iid.Registrar"
78-->[com.google.firebase:firebase-iid:19.0.0] AndroidManifest.xml:33:17-96
79                android:value="com.google.firebase.components.ComponentRegistrar" />
79-->[com.google.firebase:firebase-iid:19.0.0] AndroidManifest.xml:34:17-82
80        </service>
81
82        <activity
82-->[com.google.firebase:firebase-auth:19.2.0] AndroidManifest.xml:24:9-31:50
83            android:name="com.google.firebase.auth.internal.FederatedSignInActivity"
83-->[com.google.firebase:firebase-auth:19.2.0] AndroidManifest.xml:25:13-85
84            android:excludeFromRecents="true"
84-->[com.google.firebase:firebase-auth:19.2.0] AndroidManifest.xml:26:13-46
85            android:exported="true"
85-->[com.google.firebase:firebase-auth:19.2.0] AndroidManifest.xml:27:13-36
86            android:launchMode="singleTask"
86-->[com.google.firebase:firebase-auth:19.2.0] AndroidManifest.xml:28:13-44
87            android:permission="com.google.firebase.auth.api.gms.permission.LAUNCH_FEDERATED_SIGN_IN"
87-->[com.google.firebase:firebase-auth:19.2.0] AndroidManifest.xml:29:13-102
88            android:theme="@android:style/Theme.Translucent.NoTitleBar" />
88-->[com.google.firebase:firebase-auth:19.2.0] AndroidManifest.xml:30:13-72
89
90        <receiver
90-->[com.google.android.gms:play-services-measurement:17.2.1] AndroidManifest.xml:29:9-33:20
91            android:name="com.google.android.gms.measurement.AppMeasurementReceiver"
91-->[com.google.android.gms:play-services-measurement:17.2.1] AndroidManifest.xml:30:13-85
92            android:enabled="true"
92-->[com.google.android.gms:play-services-measurement:17.2.1] AndroidManifest.xml:31:13-35
93            android:exported="false" >
93-->[com.google.android.gms:play-services-measurement:17.2.1] AndroidManifest.xml:32:13-37
94        </receiver>
95        <receiver
95-->[com.google.android.gms:play-services-measurement:17.2.1] AndroidManifest.xml:34:9-42:20
96            android:name="com.google.android.gms.measurement.AppMeasurementInstallReferrerReceiver"
96-->[com.google.android.gms:play-services-measurement:17.2.1] AndroidManifest.xml:35:13-100
97            android:enabled="true"
97-->[com.google.android.gms:play-services-measurement:17.2.1] AndroidManifest.xml:36:13-35
98            android:exported="true"
98-->[com.google.android.gms:play-services-measurement:17.2.1] AndroidManifest.xml:37:13-36
99            android:permission="android.permission.INSTALL_PACKAGES" >
99-->[com.google.android.gms:play-services-measurement:17.2.1] AndroidManifest.xml:38:13-69
100            <intent-filter>
100-->[com.google.android.gms:play-services-measurement:17.2.1] AndroidManifest.xml:39:13-41:29
101                <action android:name="com.android.vending.INSTALL_REFERRER" />
101-->[com.google.android.gms:play-services-measurement:17.2.1] AndroidManifest.xml:40:17-79
101-->[com.google.android.gms:play-services-measurement:17.2.1] AndroidManifest.xml:40:25-76
102            </intent-filter>
103        </receiver>
104
105        <service
105-->[com.google.android.gms:play-services-measurement:17.2.1] AndroidManifest.xml:44:9-47:40
106            android:name="com.google.android.gms.measurement.AppMeasurementService"
106-->[com.google.android.gms:play-services-measurement:17.2.1] AndroidManifest.xml:45:13-84
107            android:enabled="true"
107-->[com.google.android.gms:play-services-measurement:17.2.1] AndroidManifest.xml:46:13-35
108            android:exported="false" />
108-->[com.google.android.gms:play-services-measurement:17.2.1] AndroidManifest.xml:47:13-37
109        <service
109-->[com.google.android.gms:play-services-measurement:17.2.1] AndroidManifest.xml:48:9-52:72
110            android:name="com.google.android.gms.measurement.AppMeasurementJobService"
110-->[com.google.android.gms:play-services-measurement:17.2.1] AndroidManifest.xml:49:13-87
111            android:enabled="true"
111-->[com.google.android.gms:play-services-measurement:17.2.1] AndroidManifest.xml:50:13-35
112            android:exported="false"
112-->[com.google.android.gms:play-services-measurement:17.2.1] AndroidManifest.xml:51:13-37
113            android:permission="android.permission.BIND_JOB_SERVICE" />
113-->[com.google.android.gms:play-services-measurement:17.2.1] AndroidManifest.xml:52:13-69
114
115        <receiver
115-->[com.google.firebase:firebase-iid:19.0.0] AndroidManifest.xml:37:9-44:20
116            android:name="com.google.firebase.iid.FirebaseInstanceIdReceiver"
116-->[com.google.firebase:firebase-iid:19.0.0] AndroidManifest.xml:38:13-78
117            android:exported="true"
117-->[com.google.firebase:firebase-iid:19.0.0] AndroidManifest.xml:39:13-36
118            android:permission="com.google.android.c2dm.permission.SEND" >
118-->[com.google.firebase:firebase-iid:19.0.0] AndroidManifest.xml:40:13-73
119            <intent-filter>
119-->[com.google.firebase:firebase-iid:19.0.0] AndroidManifest.xml:41:13-43:29
120                <action android:name="com.google.android.c2dm.intent.RECEIVE" />
120-->[com.google.firebase:firebase-iid:19.0.0] AndroidManifest.xml:42:17-81
120-->[com.google.firebase:firebase-iid:19.0.0] AndroidManifest.xml:42:25-78
121            </intent-filter>
122        </receiver>
123
124        <provider
124-->[com.google.firebase:firebase-common:19.3.0] AndroidManifest.xml:26:9-30:39
125            android:name="com.google.firebase.provider.FirebaseInitProvider"
125-->[com.google.firebase:firebase-common:19.3.0] AndroidManifest.xml:27:13-77
126            android:authorities="com.automatodev.gcadmin.firebaseinitprovider"
126-->[com.google.firebase:firebase-common:19.3.0] AndroidManifest.xml:28:13-72
127            android:exported="false"
127-->[com.google.firebase:firebase-common:19.3.0] AndroidManifest.xml:29:13-37
128            android:initOrder="100" />
128-->[com.google.firebase:firebase-common:19.3.0] AndroidManifest.xml:30:13-36
129
130        <activity
130-->[com.google.android.gms:play-services-base:17.1.0] AndroidManifest.xml:23:9-26:75
131            android:name="com.google.android.gms.common.api.GoogleApiActivity"
131-->[com.google.android.gms:play-services-base:17.1.0] AndroidManifest.xml:24:13-79
132            android:exported="false"
132-->[com.google.android.gms:play-services-base:17.1.0] AndroidManifest.xml:25:13-37
133            android:theme="@android:style/Theme.Translucent.NoTitleBar" />
133-->[com.google.android.gms:play-services-base:17.1.0] AndroidManifest.xml:26:13-72
134
135        <meta-data
135-->[com.google.android.gms:play-services-basement:17.0.0] AndroidManifest.xml:23:9-25:69
136            android:name="com.google.android.gms.version"
136-->[com.google.android.gms:play-services-basement:17.0.0] AndroidManifest.xml:24:13-58
137            android:value="@integer/google_play_services_version" />
137-->[com.google.android.gms:play-services-basement:17.0.0] AndroidManifest.xml:25:13-66
138    </application>
139
140</manifest>